<?xml version="1.0" encoding="UTF-8"?>
<testng-results ignored="0" total="1" passed="1" failed="0" skipped="0">
  <reporter-output>
  </reporter-output>
  <suite started-at="2024-07-08T13:04:52 PDT" name="Default suite" finished-at="2024-07-08T13:04:54 PDT" duration-ms="2326">
    <groups>
    </groups>
    <test started-at="2024-07-08T13:04:52 PDT" name="Default test" finished-at="2024-07-08T13:04:54 PDT" duration-ms="2326">
      <class name="mars.marsapi">
        <test-method signature="bearertoken()[pri:0, instance:mars.marsapi@481a996b]" started-at="2024-07-08T13:04:52 PDT" name="bearertoken" finished-at="2024-07-08T13:04:54 PDT" duration-ms="2286" status="PASS">
          <reporter-output>
          </reporter-output>
        </test-method> <!-- bearertoken -->
      </class> <!-- mars.marsapi -->
    </test> <!-- Default test -->
  </suite> <!-- Default suite -->
</testng-results>
